#
# A fatal error has been detected by the Java Runtime Environment:
#
#  EXCEPTION_ACCESS_VIOLATION (0xc0000005) at pc=0x000007fee34ad9aa, pid=4492, tid=2240
#
# JRE version: OpenJDK Runtime Environment (14.0.2+12) (build 14.0.2+12-46)
# Java VM: OpenJDK 64-Bit Server VM (14.0.2+12-46, mixed mode, tiered, compressed oops, g1 gc, windows-amd64)
# Problematic frame:
# V  [jvm.dll+0x29d9aa]
#
# No core dump will be written. Minidumps are not enabled by default on client versions of Windows
#
# If you would like to submit a bug report, please visit:
#   https://bugreport.java.com/bugreport/crash.jsp
#

---------------  S U M M A R Y ------------

Command Line: -Dfile.encoding=UTF-8 -XX:+ShowCodeDetailsInExceptionMessages com.kindsonthegenius.fleetms.FleetappApplication

Host: Intel(R) Pentium(R) CPU B960 @ 2.20GHz, 2 cores, 3G,  Windows 7 , 64 bit Build 7601 (6.1.7601.17514)
Time: Tue Nov 24 14:05:47 2020 Egypt Standard Time elapsed time: 12 seconds (0d 0h 0m 12s)

---------------  T H R E A D  ---------------

Current thread (0x000000005c2ae000):  GCTaskThread "GC Thread#1" [stack: 0x000000005cfa0000,0x000000005d0a0000] [id=2240]

Stack: [0x000000005cfa0000,0x000000005d0a0000],  sp=0x000000005d09efb0,  free space=1019k
Native frames: (J=compiled Java code, j=interpreted, Vv=VM code, C=native code)
V  [jvm.dll+0x29d9aa]
V  [jvm.dll+0x2c76bb]
V  [jvm.dll+0x2d8fc0]
V  [jvm.dll+0x1c6504]
V  [jvm.dll+0x1c65ba]
V  [jvm.dll+0x2c748b]
V  [jvm.dll+0x1c8b78]
V  [jvm.dll+0x2d9ad1]
V  [jvm.dll+0x2d98dd]
V  [jvm.dll+0x2a4591]
V  [jvm.dll+0x2a5dd7]
V  [jvm.dll+0x76ec00]
V  [jvm.dll+0x6ffeda]
V  [jvm.dll+0x5f78f6]
C  [ucrtbase.DLL+0x203ba]
C  [kernel32.dll+0x1652d]
C  [ntdll.dll+0x2c521]


siginfo: EXCEPTION_ACCESS_VIOLATION (0xc0000005), reading address 0x0000000000000008


Register to memory mapping:

RIP=0x000007fee34ad9aa jvm.dll
RAX=0x0 is NULL
RBX=0x00000000c26f2c14 is pointing into object: java.lang.reflect.Method 
{0x00000000c26f2bf8} - klass: 'java/lang/reflect/Method'
RCX=0x0000000000000014 is an unknown value
RDX=0x0 is NULL
RSP=0x000000005d09efb0 points into unknown readable memory: 09 0a 08 cd 02 00 00 00
RBP=0x0000000000000020 is an unknown value
RSI=0x000000005fec1ec0 points into unknown readable memory: 18 12 a6 e3 fe 07 00 00
RDI=0x000000005fec1ec0 points into unknown readable memory: 18 12 a6 e3 fe 07 00 00
R8 =0x0000000000000008 is an unknown value
R9 =0x00000000c26f2bf8 is an oop: java.lang.reflect.Method 
{0x00000000c26f2bf8} - klass: 'java/lang/reflect/Method'
R10=0x00000000c24a9088 is an oop: java.lang.reflect.Method 
{0x00000000c24a9088} - klass: 'java/lang/reflect/Method'
R11=0x00000000c26f2bf8 is an oop: java.lang.reflect.Method 
{0x00000000c26f2bf8} - klass: 'java/lang/reflect/Method'
R12=0x0 is NULL
R13=0x00000000000003d8 is an unknown value
R14=0x00000000004687b8 points into unknown readable memory: 8e 02 00 00 cb 03 00 00
R15=0x0000000000000040 is an unknown value


Registers:
RAX=0x0000000000000000, RBX=0x00000000c26f2c14, RCX=0x0000000000000014, RDX=0x0000000000000000
RSP=0x000000005d09efb0, RBP=0x0000000000000020, RSI=0x000000005fec1ec0, RDI=0x000000005fec1ec0
R8 =0x0000000000000008, R9 =0x00000000c26f2bf8, R10=0x00000000c24a9088, R11=0x00000000c26f2bf8
R12=0x0000000000000000, R13=0x00000000000003d8, R14=0x00000000004687b8, R15=0x0000000000000040
RIP=0x000007fee34ad9aa, EFLAGS=0x0000000000010246

Top of Stack: (sp=0x000000005d09efb0)
0x000000005d09efb0:   00000002cd080a09 000007fee34d0001
0x000000005d09efc0:   000000005fec1ec0 000000005fec2060
0x000000005d09efd0:   00000000004687b0 000007fee34d76bb
0x000000005d09efe0:   000000000000028e 00000000c26f2680
0x000000005d09eff0:   0000000000000001 000007fee34d9774
0x000000005d09f000:   00000053c99b0911 000000005fec1ec0
0x000000005d09f010:   000007fee3210000 000000000190a1ac
0x000000005d09f020:   0000000637e4bdec 000000000190a1ac
0x000000005d09f030:   0000000637e4bdec 000000000190a1a6
0x000000005d09f040:   0000000637e4a958 000000000049df00
0x000000005d09f050:   0000000061b5c598 0000000061b5c598
0x000000005d09f060:   00000000600966f0 0000000000000020
0x000000005d09f070:   0000000061b5c598 000000005b01df68
0x000000005d09f080:   0000000060096680 000007fee34e8fc0
0x000000005d09f090:   0000000000000004 0000000000000001
0x000000005d09f0a0:   0000000060096680 00000000c26f2c15 

Instructions: (pc=0x000007fee34ad9aa)
0x000007fee34ad8aa:   00 00 00 e8 ae 07 03 00 48 8b 4c 24 38 4c 8b cf
0x000007fee34ad8ba:   48 89 4c 24 28 4c 8b c5 48 8b 4c 24 30 48 8b d6
0x000007fee34ad8ca:   48 89 4c 24 20 48 8b d8 49 8b ce e8 d6 07 35 00
0x000007fee34ad8da:   4c 8d 9c 24 90 00 00 00 48 8b c3 49 8b 5b 10 49
0x000007fee34ad8ea:   8b 6b 18 49 8b 73 20 49 8b 7b 28 49 8b e3 41 5e
0x000007fee34ad8fa:   c3 cc cc cc cc cc 48 8b 81 18 01 00 00 48 2b c2
0x000007fee34ad90a:   48 89 81 18 01 00 00 c3 cc cc cc cc cc cc cc cc
0x000007fee34ad91a:   cc cc cc cc cc cc 80 3d c1 d5 7b 00 00 74 08 48
0x000007fee34ad92a:   8b ca e9 3f 4a 3e 00 c3 cc cc cc cc cc cc cc cc
0x000007fee34ad93a:   cc cc cc cc cc cc 66 c7 02 00 ff 48 8b c2 c3 cc
0x000007fee34ad94a:   cc cc cc cc cc cc 48 89 5c 24 08 57 48 83 ec 20
0x000007fee34ad95a:   48 8b da 48 8b f9 f6 c2 01 0f 84 00 01 00 00 8b
0x000007fee34ad96a:   0d 21 1a 72 00 48 83 e3 fe 48 8b 47 08 44 8b 03
0x000007fee34ad97a:   49 d3 e0 8b 88 48 04 00 00 48 8b 80 38 04 00 00
0x000007fee34ad98a:   4c 03 05 f7 19 72 00 49 8b d0 48 d3 ea 0f b7 14
0x000007fee34ad99a:   50 0f b7 c2 66 c1 e8 08 84 c0 0f 88 a3 01 00 00
0x000007fee34ad9aa:   4d 8b 08 41 0f b6 c1 24 03 3c 03 75 1e 80 3d ca
0x000007fee34ad9ba:   2c 72 00 00 74 0f 41 0f b6 c1 24 07 3c 05 75 05
0x000007fee34ad9ca:   45 33 c9 eb 11 49 83 e1 fc eb 0b 48 8b cf e8 53
0x000007fee34ad9da:   b8 02 00 4c 8b c8 8b 0d aa 19 72 00 49 8b c1 48
0x000007fee34ad9ea:   2b 05 98 19 72 00 48 d3 e8 89 03 49 8b c1 8b 0d
0x000007fee34ad9fa:   b2 30 7a 00 48 33 c3 48 d3 e8 48 85 c0 0f 84 40
0x000007fee34ada0a:   01 00 00 48 8b 47 08 48 8b d3 48 8b 80 00 01 00
0x000007fee34ada1a:   00 8b 48 68 48 8b 40 58 48 d3 ea 48 8b 0c d0 8b
0x000007fee34ada2a:   81 cc 00 00 00 d1 e8 a8 01 0f 85 14 01 00 00 48
0x000007fee34ada3a:   8b 47 08 49 8b d1 4c 8b c3 8b 88 48 04 00 00 48
0x000007fee34ada4a:   8b 80 38 04 00 00 48 d3 ea 48 8b cf 0f b7 14 50
0x000007fee34ada5a:   48 8b 5c 24 30 48 83 c4 20 5f e9 b7 d4 ff ff 0f
0x000007fee34ada6a:   b6 c3 d0 e8 a8 01 0f 85 d2 00 00 00 4c 8b 02 48
0x000007fee34ada7a:   8b 41 08 49 8b d0 8b 88 48 04 00 00 48 8b 80 38
0x000007fee34ada8a:   04 00 00 48 d3 ea 0f b7 14 50 0f b7 c2 66 c1 e8
0x000007fee34ada9a:   08 84 c0 0f 88 aa 00 00 00 4d 8b 08 41 0f b6 c1 


Stack slot to memory mapping:
stack at sp + 0 slots: 0x00000002cd080a09 is an unknown value
stack at sp + 1 slots: 0x000007fee34d0001 jvm.dll
stack at sp + 2 slots: 0x000000005fec1ec0 points into unknown readable memory: 18 12 a6 e3 fe 07 00 00
stack at sp + 3 slots: 0x000000005fec2060 points into unknown readable memory: d0 11 a6 e3 fe 07 00 00
stack at sp + 4 slots: 0x00000000004687b0 points into unknown readable memory: 8e 02 00 00 00 00 00 00
stack at sp + 5 slots: 0x000007fee34d76bb jvm.dll
stack at sp + 6 slots: 0x000000000000028e is an unknown value
stack at sp + 7 slots: 0x00000000c26f2680 is an oop: java.lang.Class 
{0x00000000c26f2680} - klass: 'java/lang/Class'


---------------  P R O C E S S  ---------------

Threads class SMR info:
_java_thread_list=0x000000005fc5db20, length=16, elements={
0x000000000044c800, 0x000000005af9e800, 0x000000005afa1000, 0x000000005afc1800,
0x000000005afed000, 0x000000005aff0000, 0x000000005aff1000, 0x000000005b067000,
0x000000005b067800, 0x000000005bf9d000, 0x000000005bfaa000, 0x000000005ff13800,
0x000000005fb7a800, 0x000000005ff10800, 0x000000005f9bd000, 0x000000005fc53000
}

Java Threads: ( => current thread )
  0x000000000044c800 JavaThread "main" [_thread_blocked, id=1664, stack(0x0000000002210000,0x0000000002310000)]
  0x000000005af9e800 JavaThread "Reference Handler" daemon [_thread_blocked, id=2484, stack(0x000000005b430000,0x000000005b530000)]
  0x000000005afa1000 JavaThread "Finalizer" daemon [_thread_blocked, id=912, stack(0x000000005b6a0000,0x000000005b7a0000)]
  0x000000005afc1800 JavaThread "Signal Dispatcher" daemon [_thread_blocked, id=2908, stack(0x000000005b5a0000,0x000000005b6a0000)]
  0x000000005afed000 JavaThread "Attach Listener" daemon [_thread_blocked, id=5016, stack(0x000000005b8d0000,0x000000005b9d0000)]
  0x000000005aff0000 JavaThread "Service Thread" daemon [_thread_blocked, id=2748, stack(0x000000005bb00000,0x000000005bc00000)]
  0x000000005aff1000 JavaThread "C2 CompilerThread0" daemon [_thread_blocked, id=2116, stack(0x000000005bcf0000,0x000000005bdf0000)]
  0x000000005b067000 JavaThread "C1 CompilerThread0" daemon [_thread_blocked, id=3288, stack(0x000000005be10000,0x000000005bf10000)]
  0x000000005b067800 JavaThread "Sweeper thread" daemon [_thread_blocked, id=4488, stack(0x000000005ba00000,0x000000005bb00000)]
  0x000000005bf9d000 JavaThread "Notification Thread" daemon [_thread_blocked, id=1700, stack(0x000000005c360000,0x000000005c460000)]
  0x000000005bfaa000 JavaThread "Common-Cleaner" daemon [_thread_blocked, id=3448, stack(0x000000005c5f0000,0x000000005c6f0000)]
  0x000000005ff13800 JavaThread "Catalina-utility-1" [_thread_blocked, id=4540, stack(0x000000005eba0000,0x000000005eca0000)]
  0x000000005fb7a800 JavaThread "Catalina-utility-2" [_thread_blocked, id=3900, stack(0x000000005f530000,0x000000005f630000)]
  0x000000005ff10800 JavaThread "container-0" [_thread_blocked, id=4852, stack(0x0000000060ef0000,0x0000000060ff0000)]
  0x000000005f9bd000 JavaThread "mysql-cj-abandoned-connection-cleanup" daemon [_thread_blocked, id=3256, stack(0x00000000610b0000,0x00000000611b0000)]
  0x000000005fc53000 JavaThread "task-1" [_thread_blocked, id=2872, stack(0x00000000614e0000,0x00000000615e0000)]

Other Threads:
  0x000000005afb3800 VMThread "VM Thread" [stack: 0x000000005b240000,0x000000005b340000] [id=3404]
  0x000000005bf9e000 WatcherThread [stack: 0x000000005b0e0000,0x000000005b1e0000] [id=1412]
  0x000000000047d800 GCTaskThread "GC Thread#0" [stack: 0x0000000017e10000,0x0000000017f10000] [id=4064]
=>0x000000005c2ae000 GCTaskThread "GC Thread#1" [stack: 0x000000005cfa0000,0x000000005d0a0000] [id=2240]
  0x0000000000487000 ConcurrentGCThread "G1 Main Marker" [stack: 0x0000000017f40000,0x0000000018040000] [id=2492]
  0x000000000048b000 ConcurrentGCThread "G1 Conc#0" [stack: 0x00000000180c0000,0x00000000181c0000] [id=3340]
  0x00000000004d2800 ConcurrentGCThread "G1 Refine#0" [stack: 0x000000001a3e0000,0x000000001a4e0000] [id=3744]
  0x00000000004d4000 ConcurrentGCThread "G1 Young RemSet Sampling" [stack: 0x000000001a5e0000,0x000000001a6e0000] [id=3400]

Threads with active compile tasks:
C2 CompilerThread0    12538 3920   !   4       java.lang.reflect.Executable::declaredAnnotations (85 bytes)

VM state:at safepoint (normal execution)

VM Mutex/Monitor currently owned by a thread:  ([mutex/lock_event])
[0x0000000000446ad0] Threads_lock - owner thread: 0x000000005afb3800
[0x0000000000447190] Heap_lock - owner thread: 0x000000000044c800

Heap address: 0x00000000c0c00000, size: 1012 MB, Compressed Oops mode: 32-bit
Narrow klass base: 0x0000000000000000, Narrow klass shift: 0
Compressed class space size: 1073741824 Address: 0x000000001a6e0000

Heap:
 garbage-first heap   total 51200K, used 40908K [0x00000000c0c00000, 0x0000000100000000)
  region size 1024K, 26 young (26624K), 3 survivors (3072K)
 Metaspace       used 45742K, capacity 46873K, committed 47152K, reserved 1091584K
  class space    used 5552K, capacity 5990K, committed 6016K, reserved 1048576K
Heap Regions: E=young(eden), S=young(survivor), O=old, HS=humongous(starts), HC=humongous(continues), CS=collection set, F=free, OA=open archive, CA=closed archive, TAMS=top-at-mark-start (previous, next)
|   0|0x00000000c0c00000, 0x00000000c0d00000, 0x00000000c0d00000|100%|HS|  |TAMS 0x00000000c0d00000, 0x00000000c0c00000| Complete 
|   1|0x00000000c0d00000, 0x00000000c0e00000, 0x00000000c0e00000|100%| O|  |TAMS 0x00000000c0e00000, 0x00000000c0d00000| Untracked 
|   2|0x00000000c0e00000, 0x00000000c0f00000, 0x00000000c0f00000|100%| O|  |TAMS 0x00000000c0f00000, 0x00000000c0e00000| Untracked 
|   3|0x00000000c0f00000, 0x00000000c1000000, 0x00000000c1000000|100%| O|  |TAMS 0x00000000c1000000, 0x00000000c0f00000| Untracked 
|   4|0x00000000c1000000, 0x00000000c1100000, 0x00000000c1100000|100%| O|  |TAMS 0x00000000c1100000, 0x00000000c1000000| Untracked 
|   5|0x00000000c1100000, 0x00000000c11f0200, 0x00000000c1200000| 93%| O|  |TAMS 0x00000000c11f0200, 0x00000000c1100000| Untracked 
|   6|0x00000000c1200000, 0x00000000c1300000, 0x00000000c1300000|100%| O|  |TAMS 0x00000000c1300000, 0x00000000c1200000| Untracked 
|   7|0x00000000c1300000, 0x00000000c1400000, 0x00000000c1400000|100%| O|  |TAMS 0x00000000c1400000, 0x00000000c1300000| Untracked 
|   8|0x00000000c1400000, 0x00000000c1500000, 0x00000000c1500000|100%| O|  |TAMS 0x00000000c1500000, 0x00000000c1400000| Untracked 
|   9|0x00000000c1500000, 0x00000000c1600000, 0x00000000c1600000|100%| O|  |TAMS 0x00000000c1600000, 0x00000000c1500000| Untracked 
|  10|0x00000000c1600000, 0x00000000c1700000, 0x00000000c1700000|100%| O|  |TAMS 0x00000000c1700000, 0x00000000c1600000| Untracked 
|  11|0x00000000c1700000, 0x00000000c1800000, 0x00000000c1800000|100%| O|  |TAMS 0x00000000c1800000, 0x00000000c1700000| Untracked 
|  12|0x00000000c1800000, 0x00000000c1900000, 0x00000000c1900000|100%| O|  |TAMS 0x00000000c1900000, 0x00000000c1800000| Untracked 
|  13|0x00000000c1900000, 0x00000000c1a00000, 0x00000000c1a00000|100%| O|  |TAMS 0x00000000c19dcc00, 0x00000000c1900000| Untracked 
|  14|0x00000000c1a00000, 0x00000000c1b00000, 0x00000000c1b00000|100%| O|  |TAMS 0x00000000c1a00000, 0x00000000c1a00000| Untracked 
|  15|0x00000000c1b00000, 0x00000000c1b8e7a0, 0x00000000c1c00000| 55%| O|  |TAMS 0x00000000c1b00000, 0x00000000c1b00000| Untracked 
|  16|0x00000000c1c00000, 0x00000000c1c00000, 0x00000000c1d00000|  0%| F|  |TAMS 0x00000000c1c00000, 0x00000000c1c00000| Untracked 
|  17|0x00000000c1d00000, 0x00000000c1d00000, 0x00000000c1e00000|  0%| F|  |TAMS 0x00000000c1d00000, 0x00000000c1d00000| Untracked 
|  18|0x00000000c1e00000, 0x00000000c1e00000, 0x00000000c1f00000|  0%| F|  |TAMS 0x00000000c1e00000, 0x00000000c1e00000| Untracked 
|  19|0x00000000c1f00000, 0x00000000c1f26500, 0x00000000c2000000| 14%| E|CS|TAMS 0x00000000c1f00000, 0x00000000c1f00000| Complete 
|  20|0x00000000c2000000, 0x00000000c2100000, 0x00000000c2100000|100%| E|CS|TAMS 0x00000000c2000000, 0x00000000c2000000| Complete 
|  21|0x00000000c2100000, 0x00000000c2100000, 0x00000000c2200000|  0%| F|  |TAMS 0x00000000c2100000, 0x00000000c2100000| Untracked 
|  22|0x00000000c2200000, 0x00000000c22ca530, 0x00000000c2300000| 79%| S|  |TAMS 0x00000000c2200000, 0x00000000c2200000| Complete 
|  23|0x00000000c2300000, 0x00000000c2400000, 0x00000000c2400000|100%| E|CS|TAMS 0x00000000c2300000, 0x00000000c2300000| Complete 
|  24|0x00000000c2400000, 0x00000000c2500000, 0x00000000c2500000|100%| E|CS|TAMS 0x00000000c2400000, 0x00000000c2400000| Complete 
|  25|0x00000000c2500000, 0x00000000c2600000, 0x00000000c2600000|100%| S|  |TAMS 0x00000000c2500000, 0x00000000c2500000| Complete 
|  26|0x00000000c2600000, 0x00000000c2700000, 0x00000000c2700000|100%| S|  |TAMS 0x00000000c2600000, 0x00000000c2600000| Complete 
|  27|0x00000000c2700000, 0x00000000c2800000, 0x00000000c2800000|100%| E|CS|TAMS 0x00000000c2700000, 0x00000000c2700000| Complete 
|  28|0x00000000c2800000, 0x00000000c2900000, 0x00000000c2900000|100%| E|CS|TAMS 0x00000000c2800000, 0x00000000c2800000| Complete 
|  29|0x00000000c2900000, 0x00000000c2a00000, 0x00000000c2a00000|100%| E|CS|TAMS 0x00000000c2900000, 0x00000000c2900000| Complete 
|  30|0x00000000c2a00000, 0x00000000c2b00000, 0x00000000c2b00000|100%| E|CS|TAMS 0x00000000c2a00000, 0x00000000c2a00000| Complete 
|  31|0x00000000c2b00000, 0x00000000c2c00000, 0x00000000c2c00000|100%| E|CS|TAMS 0x00000000c2b00000, 0x00000000c2b00000| Complete 
|  32|0x00000000c2c00000, 0x00000000c2d00000, 0x00000000c2d00000|100%| E|CS|TAMS 0x00000000c2c00000, 0x00000000c2c00000| Complete 
|  33|0x00000000c2d00000, 0x00000000c2e00000, 0x00000000c2e00000|100%| E|CS|TAMS 0x00000000c2d00000, 0x00000000c2d00000| Complete 
|  34|0x00000000c2e00000, 0x00000000c2f00000, 0x00000000c2f00000|100%| E|CS|TAMS 0x00000000c2e00000, 0x00000000c2e00000| Complete 
|  35|0x00000000c2f00000, 0x00000000c3000000, 0x00000000c3000000|100%| E|CS|TAMS 0x00000000c2f00000, 0x00000000c2f00000| Complete 
|  36|0x00000000c3000000, 0x00000000c3100000, 0x00000000c3100000|100%| E|CS|TAMS 0x00000000c3000000, 0x00000000c3000000| Complete 
|  37|0x00000000c3100000, 0x00000000c3200000, 0x00000000c3200000|100%| E|CS|TAMS 0x00000000c3100000, 0x00000000c3100000| Complete 
|  38|0x00000000c3200000, 0x00000000c3300000, 0x00000000c3300000|100%| E|CS|TAMS 0x00000000c3200000, 0x00000000c3200000| Complete 
|  39|0x00000000c3300000, 0x00000000c3400000, 0x00000000c3400000|100%| E|CS|TAMS 0x00000000c3300000, 0x00000000c3300000| Complete 
|  40|0x00000000c3400000, 0x00000000c3500000, 0x00000000c3500000|100%| E|CS|TAMS 0x00000000c3400000, 0x00000000c3400000| Complete 
|  41|0x00000000c3500000, 0x00000000c3600000, 0x00000000c3600000|100%| E|CS|TAMS 0x00000000c3500000, 0x00000000c3500000| Complete 
|  42|0x00000000c3600000, 0x00000000c3700000, 0x00000000c3700000|100%| E|CS|TAMS 0x00000000c3600000, 0x00000000c3600000| Complete 
|  43|0x00000000c3700000, 0x00000000c3800000, 0x00000000c3800000|100%| E|CS|TAMS 0x00000000c3700000, 0x00000000c3700000| Complete 
|  44|0x00000000c3800000, 0x00000000c3900000, 0x00000000c3900000|100%| E|CS|TAMS 0x00000000c3800000, 0x00000000c3800000| Complete 
|  45|0x00000000c3900000, 0x00000000c3a00000, 0x00000000c3a00000|100%| E|CS|TAMS 0x00000000c3900000, 0x00000000c3900000| Complete 
|  60|0x00000000c4800000, 0x00000000c4900000, 0x00000000c4900000|100%| E|CS|TAMS 0x00000000c4800000, 0x00000000c4800000| Complete 
|  61|0x00000000c4900000, 0x00000000c4a00000, 0x00000000c4a00000|100%| E|CS|TAMS 0x00000000c4900000, 0x00000000c4900000| Complete 
|  62|0x00000000c4a00000, 0x00000000c4b00000, 0x00000000c4b00000|100%| E|CS|TAMS 0x00000000c4a00000, 0x00000000c4a00000| Complete 
|  76|0x00000000c5800000, 0x00000000c5900000, 0x00000000c5900000|100%| E|CS|TAMS 0x00000000c5800000, 0x00000000c5800000| Complete 

Card table byte_map: [0x0000000015930000,0x0000000015b30000] _byte_map_base: 0x000000001532a000

Marking Bits (Prev, Next): (CMBitMap*) 0x000000000047e248, (CMBitMap*) 0x000000000047e288
 Prev Bits: [0x0000000015d30000, 0x0000000016d00000)
 Next Bits: [0x0000000016d00000, 0x0000000017cd0000)

Polling page: 0x0000000000120000

Metaspace:

Usage:
  Non-class:     39.92 MB capacity,    39.25 MB ( 98%) used,   555.78 KB (  1%) free+waste,   137.19 KB ( <1%) overhead. 
      Class:      5.85 MB capacity,     5.42 MB ( 93%) used,   374.98 KB (  6%) free+waste,    62.94 KB (  1%) overhead. 
       Both:     45.77 MB capacity,    44.67 MB ( 98%) used,   930.76 KB (  2%) free+waste,   200.13 KB ( <1%) overhead. 

Virtual space:
  Non-class space:       42.00 MB reserved,      40.17 MB ( 96%) committed 
      Class space:        1.00 GB reserved,       5.88 MB ( <1%) committed 
             Both:        1.04 GB reserved,      46.05 MB (  4%) committed 

Chunk freelists:
   Non-Class:  61.00 KB
       Class:  26.00 KB
        Both:  87.00 KB

MaxMetaspaceSize: 17179869184.00 GB
CompressedClassSpaceSize: 1.00 GB

CodeHeap 'non-profiled nmethods': size=120064Kb used=2428Kb max_used=2428Kb free=117635Kb
 bounds [0x000000000dee0000, 0x000000000e150000, 0x0000000015420000]
CodeHeap 'profiled nmethods': size=120000Kb used=8591Kb max_used=8591Kb free=111408Kb
 bounds [0x00000000069b0000, 0x0000000007220000, 0x000000000dee0000]
CodeHeap 'non-nmethods': size=5696Kb used=1237Kb max_used=1283Kb free=4458Kb
 bounds [0x0000000006420000, 0x0000000006690000, 0x00000000069b0000]
 total_blobs=4397 nmethods=3885 adapters=424
 compilation: enabled
              stopped_count=0, restarted_count=0
 full_count=0

Compilation events (20 events):
Event: 12.126 Thread 0x000000005aff1000 nmethod 3912 0x000000000e13b310 code [0x000000000e13b480, 0x000000000e13b4f8]
Event: 12.140 Thread 0x000000005b067000 3915       3       java.util.HashSet::add (20 bytes)
Event: 12.140 Thread 0x000000005b067000 nmethod 3915 0x000000000720f090 code [0x000000000720f240, 0x000000000720f468]
Event: 12.144 Thread 0x000000005aff1000 3916       4       sun.net.util.URLUtil::urlNoFragString (114 bytes)
Event: 12.153 Thread 0x000000005b067000 3918       1       org.springframework.util.MimeType::getSubtype (5 bytes)
Event: 12.153 Thread 0x000000005b067000 nmethod 3918 0x000000000e13b610 code [0x000000000e13b7a0, 0x000000000e13b858]
Event: 12.156 Thread 0x000000005b067000 3919       3       org.springframework.util.MimeType::isWildcardType (10 bytes)
Event: 12.156 Thread 0x000000005b067000 nmethod 3919 0x000000000720f510 code [0x000000000720f6c0, 0x000000000720f888]
Event: 12.160 Thread 0x000000005b067000 3923       1       org.springframework.core.MethodParameter::getAnnotatedElement (5 bytes)
Event: 12.161 Thread 0x000000005b067000 nmethod 3923 0x000000000e13b910 code [0x000000000e13baa0, 0x000000000e13bb58]
Event: 12.203 Thread 0x000000005aff1000 nmethod 3916 0x000000000e13bc10 code [0x000000000e13c0a0, 0x000000000e13e3a0]
Event: 12.203 Thread 0x000000005aff1000 3920   !   4       java.lang.reflect.Executable::declaredAnnotations (85 bytes)
Event: 12.235 Thread 0x000000005b067000 3924       3       org.springframework.core.SerializableTypeWrapper$MethodParameterTypeProvider::<init> (59 bytes)
Event: 12.235 Thread 0x000000005b067000 nmethod 3924 0x000000000720f910 code [0x000000000720fb20, 0x0000000007210378]
Event: 12.236 Thread 0x000000005b067000 3925   !   3       jdk.internal.reflect.GeneratedConstructorAccessor14::newInstance (53 bytes)
Event: 12.237 Thread 0x000000005b067000 nmethod 3925 0x0000000007210590 code [0x00000000072107c0, 0x0000000007211008]
Event: 12.239 Thread 0x000000005b067000 3927       2       org.springframework.core.ResolvableType::isInstance (21 bytes)
Event: 12.239 Thread 0x000000005b067000 nmethod 3927 0x0000000007211410 code [0x00000000072115c0, 0x0000000007211708]
Event: 12.239 Thread 0x000000005b067000 3928       2       org.springframework.beans.factory.support.AbstractBeanFactory::isTypeMatch (607 bytes)
Event: 12.243 Thread 0x000000005b067000 nmethod 3928 0x0000000007211810 code [0x0000000007211c20, 0x0000000007213198]

GC Heap History (20 events):
Event: 3.478 GC heap after
{Heap after GC invocations=11 (full 0):
 garbage-first heap   total 34816K, used 9958K [0x00000000c0c00000, 0x0000000100000000)
  region size 1024K, 2 young (2048K), 2 survivors (2048K)
 Metaspace       used 24413K, capacity 24937K, committed 25136K, reserved 1071104K
  class space    used 2718K, capacity 2940K, committed 2944K, reserved 1048576K
}
Event: 3.998 GC heap before
{Heap before GC invocations=11 (full 0):
 garbage-first heap   total 34816K, used 27366K [0x00000000c0c00000, 0x0000000100000000)
  region size 1024K, 19 young (19456K), 2 survivors (2048K)
 Metaspace       used 25402K, capacity 26054K, committed 26288K, reserved 1073152K
  class space    used 2828K, capacity 3069K, committed 3072K, reserved 1048576K
}
Event: 4.005 GC heap after
{Heap after GC invocations=12 (full 0):
 garbage-first heap   total 41984K, used 10535K [0x00000000c0c00000, 0x0000000100000000)
  region size 1024K, 2 young (2048K), 2 survivors (2048K)
 Metaspace       used 25402K, capacity 26054K, committed 26288K, reserved 1073152K
  class space    used 2828K, capacity 3069K, committed 3072K, reserved 1048576K
}
Event: 4.894 GC heap before
{Heap before GC invocations=12 (full 0):
 garbage-first heap   total 41984K, used 33063K [0x00000000c0c00000, 0x0000000100000000)
  region size 1024K, 24 young (24576K), 2 survivors (2048K)
 Metaspace       used 27671K, capacity 28375K, committed 28464K, reserved 1075200K
  class space    used 3120K, capacity 3369K, committed 3456K, reserved 1048576K
}
Event: 4.901 GC heap after
{Heap after GC invocations=13 (full 0):
 garbage-first heap   total 41984K, used 11200K [0x00000000c0c00000, 0x0000000100000000)
  region size 1024K, 2 young (2048K), 2 survivors (2048K)
 Metaspace       used 27671K, capacity 28375K, committed 28464K, reserved 1075200K
  class space    used 3120K, capacity 3369K, committed 3456K, reserved 1048576K
}
Event: 5.607 GC heap before
{Heap before GC invocations=13 (full 0):
 garbage-first heap   total 41984K, used 33728K [0x00000000c0c00000, 0x0000000100000000)
  region size 1024K, 24 young (24576K), 2 survivors (2048K)
 Metaspace       used 30034K, capacity 30750K, committed 30768K, reserved 1077248K
  class space    used 3435K, capacity 3708K, committed 3712K, reserved 1048576K
}
Event: 5.617 GC heap after
{Heap after GC invocations=14 (full 0):
 garbage-first heap   total 41984K, used 12673K [0x00000000c0c00000, 0x0000000100000000)
  region size 1024K, 3 young (3072K), 3 survivors (3072K)
 Metaspace       used 30034K, capacity 30750K, committed 30768K, reserved 1077248K
  class space    used 3435K, capacity 3708K, committed 3712K, reserved 1048576K
}
Event: 6.462 GC heap before
{Heap before GC invocations=14 (full 0):
 garbage-first heap   total 41984K, used 32129K [0x00000000c0c00000, 0x0000000100000000)
  region size 1024K, 22 young (22528K), 3 survivors (3072K)
 Metaspace       used 33234K, capacity 34111K, committed 34352K, reserved 1079296K
  class space    used 3858K, capacity 4181K, committed 4224K, reserved 1048576K
}
Event: 6.473 GC heap after
{Heap after GC invocations=15 (full 0):
 garbage-first heap   total 41984K, used 14268K [0x00000000c0c00000, 0x0000000100000000)
  region size 1024K, 3 young (3072K), 3 survivors (3072K)
 Metaspace       used 33234K, capacity 34111K, committed 34352K, reserved 1079296K
  class space    used 3858K, capacity 4181K, committed 4224K, reserved 1048576K
}
Event: 6.662 GC heap before
{Heap before GC invocations=15 (full 0):
 garbage-first heap   total 41984K, used 31676K [0x00000000c0c00000, 0x0000000100000000)
  region size 1024K, 21 young (21504K), 3 survivors (3072K)
 Metaspace       used 34548K, capacity 35487K, committed 35632K, reserved 1081344K
  class space    used 3986K, capacity 4383K, committed 4480K, reserved 1048576K
}
Event: 6.672 GC heap after
{Heap after GC invocations=16 (full 0):
 garbage-first heap   total 51200K, used 15155K [0x00000000c0c00000, 0x0000000100000000)
  region size 1024K, 1 young (1024K), 1 survivors (1024K)
 Metaspace       used 34548K, capacity 35487K, committed 35632K, reserved 1081344K
  class space    used 3986K, capacity 4383K, committed 4480K, reserved 1048576K
}
Event: 6.686 GC heap before
{Heap before GC invocations=16 (full 0):
 garbage-first heap   total 51200K, used 39731K [0x00000000c0c00000, 0x0000000100000000)
  region size 1024K, 26 young (26624K), 1 survivors (1024K)
 Metaspace       used 34549K, capacity 35487K, committed 35632K, reserved 1081344K
  class space    used 3986K, capacity 4383K, committed 4480K, reserved 1048576K
}
Event: 6.688 GC heap after
{Heap after GC invocations=17 (full 0):
 garbage-first heap   total 51200K, used 14857K [0x00000000c0c00000, 0x0000000100000000)
  region size 1024K, 1 young (1024K), 1 survivors (1024K)
 Metaspace       used 34549K, capacity 35487K, committed 35632K, reserved 1081344K
  class space    used 3986K, capacity 4383K, committed 4480K, reserved 1048576K
}
Event: 6.759 GC heap before
{Heap before GC invocations=17 (full 0):
 garbage-first heap   total 51200K, used 19977K [0x00000000c0c00000, 0x0000000100000000)
  region size 1024K, 7 young (7168K), 1 survivors (1024K)
 Metaspace       used 34851K, capacity 35749K, committed 35888K, reserved 1081344K
  class space    used 4016K, capacity 4385K, committed 4480K, reserved 1048576K
}
Event: 6.762 GC heap after
{Heap after GC invocations=18 (full 0):
 garbage-first heap   total 51200K, used 14883K [0x00000000c0c00000, 0x0000000100000000)
  region size 1024K, 1 young (1024K), 1 survivors (1024K)
 Metaspace       used 34851K, capacity 35749K, committed 35888K, reserved 1081344K
  class space    used 4016K, capacity 4385K, committed 4480K, reserved 1048576K
}
Event: 7.984 GC heap before
{Heap before GC invocations=19 (full 0):
 garbage-first heap   total 51200K, used 40483K [0x00000000c0c00000, 0x0000000100000000)
  region size 1024K, 27 young (27648K), 1 survivors (1024K)
 Metaspace       used 38298K, capacity 39292K, committed 39344K, reserved 1083392K
  class space    used 4468K, capacity 4858K, committed 4864K, reserved 1048576K
}
Event: 7.990 GC heap after
{Heap after GC invocations=20 (full 0):
 garbage-first heap   total 51200K, used 15949K [0x00000000c0c00000, 0x0000000100000000)
  region size 1024K, 2 young (2048K), 2 survivors (2048K)
 Metaspace       used 38298K, capacity 39292K, committed 39344K, reserved 1083392K
  class space    used 4468K, capacity 4858K, committed 4864K, reserved 1048576K
}
Event: 9.595 GC heap before
{Heap before GC invocations=20 (full 0):
 garbage-first heap   total 51200K, used 41549K [0x00000000c0c00000, 0x0000000100000000)
  region size 1024K, 27 young (27648K), 2 survivors (2048K)
 Metaspace       used 42044K, capacity 43066K, committed 43184K, reserved 1087488K
  class space    used 5124K, capacity 5532K, committed 5632K, reserved 1048576K
}
Event: 9.604 GC heap after
{Heap after GC invocations=21 (full 0):
 garbage-first heap   total 51200K, used 17356K [0x00000000c0c00000, 0x0000000100000000)
  region size 1024K, 4 young (4096K), 4 survivors (4096K)
 Metaspace       used 42044K, capacity 43066K, committed 43184K, reserved 1087488K
  class space    used 5124K, capacity 5532K, committed 5632K, reserved 1048576K
}
Event: 12.245 GC heap before
{Heap before GC invocations=21 (full 0):
 garbage-first heap   total 51200K, used 39884K [0x00000000c0c00000, 0x0000000100000000)
  region size 1024K, 27 young (27648K), 4 survivors (4096K)
 Metaspace       used 45742K, capacity 46873K, committed 47152K, reserved 1091584K
  class space    used 5552K, capacity 5990K, committed 6016K, reserved 1048576K
}

Deoptimization events (20 events):
Event: 11.029 Thread 0x000000005fc53000 DEOPT PACKING pc=0x00000000071e8df1 sp=0x00000000615db0b0
Event: 11.029 Thread 0x000000005fc53000 DEOPT UNPACKING pc=0x000000000646993f sp=0x00000000615da5a0 mode 0
Event: 11.035 Thread 0x000000000044c800 Uncommon trap: trap_request=0xfffffff4 fr.pc=0x000000000e115a1c relative=0x000000000000047c
Event: 11.035 Thread 0x000000000044c800 Uncommon trap: reason=null_check action=make_not_entrant pc=0x000000000e115a1c method=org.springframework.core.annotation.TypeMappedAnnotations$MergedAnnotationFinder.finish(Ljava/lang/Object;)Ljava/lang/Object; @ 2 c2
Event: 11.035 Thread 0x000000000044c800 DEOPT PACKING pc=0x000000000e115a1c sp=0x000000000230cf00
Event: 11.035 Thread 0x000000000044c800 DEOPT UNPACKING pc=0x0000000006469429 sp=0x000000000230cdc0 mode 2
Event: 11.660 Thread 0x000000000044c800 Uncommon trap: trap_request=0xffffffc6 fr.pc=0x000000000dfd5424 relative=0x0000000000001b44
Event: 11.660 Thread 0x000000000044c800 Uncommon trap: reason=bimorphic_or_optimized_type_check action=maybe_recompile pc=0x000000000dfd5424 method=java.util.HashMap.putVal(ILjava/lang/Object;Ljava/lang/Object;ZZ)Ljava/lang/Object; @ 203 c2
Event: 11.660 Thread 0x000000000044c800 DEOPT PACKING pc=0x000000000dfd5424 sp=0x000000000230e7b0
Event: 11.660 Thread 0x000000000044c800 DEOPT UNPACKING pc=0x0000000006469429 sp=0x000000000230e678 mode 2
Event: 11.662 Thread 0x000000000044c800 Uncommon trap: trap_request=0xffffffc6 fr.pc=0x000000000dfd7c60 relative=0x00000000000009e0
Event: 11.662 Thread 0x000000000044c800 Uncommon trap: reason=bimorphic_or_optimized_type_check action=maybe_recompile pc=0x000000000dfd7c60 method=java.util.HashMap.putVal(ILjava/lang/Object;Ljava/lang/Object;ZZ)Ljava/lang/Object; @ 203 c2
Event: 11.662 Thread 0x000000000044c800 DEOPT PACKING pc=0x000000000dfd7c60 sp=0x000000000230e760
Event: 11.662 Thread 0x000000000044c800 DEOPT UNPACKING pc=0x0000000006469429 sp=0x000000000230e700 mode 2
Event: 12.135 Thread 0x000000005fc53000 Uncommon trap: trap_request=0xffffffde fr.pc=0x000000000e126f54 relative=0x0000000000001354
Event: 12.135 Thread 0x000000005fc53000 Uncommon trap: reason=class_check action=maybe_recompile pc=0x000000000e126f54 method=java.util.Properties$LineReader.readLine()I @ 479 c2
Event: 12.135 Thread 0x000000005fc53000 DEOPT PACKING pc=0x000000000e126f54 sp=0x00000000615dbcc0
Event: 12.135 Thread 0x000000005fc53000 DEOPT UNPACKING pc=0x0000000006469429 sp=0x00000000615dbc48 mode 2
Event: 12.159 Thread 0x000000000044c800 DEOPT PACKING pc=0x0000000006ea6e24 sp=0x000000000230efa0
Event: 12.159 Thread 0x000000000044c800 DEOPT UNPACKING pc=0x000000000646993f sp=0x000000000230e678 mode 0

Classes unloaded (0 events):
No events

Classes redefined (0 events):
No events

Internal exceptions (20 events):
Event: 6.127 Thread 0x000000000044c800 Exception <a 'java/lang/NoSuchMethodError'{0x00000000c26c2608}: 'java.lang.Object java.lang.invoke.DirectMethodHandle$Holder.invokeStaticInit(java.lang.Object, int, int, int, int)'> (0x00000000c26c2608) 
thrown [./open/src/hotspot/share/interpreter/linkResolver.cpp, line 766]
Event: 6.374 Thread 0x000000000044c800 Exception <a 'java/lang/NoSuchMethodError'{0x00000000c258ad58}: 'java.lang.Object java.lang.invoke.DirectMethodHandle$Holder.invokeStaticInit(java.lang.Object, java.lang.Object, int, int, int, int)'> (0x00000000c258ad58) 
thrown [./open/src/hotspot/share/interpreter/linkResolver.cpp, line 766]
Event: 6.645 Thread 0x000000000044c800 Implicit null exception at 0x000000000dfa49ff to 0x000000000dfa6358
Event: 6.737 Thread 0x000000000044c800 Exception <a 'java/io/FileNotFoundException'{0x00000000c3912b20}> (0x00000000c3912b20) 
thrown [./open/src/hotspot/share/prims/jni.cpp, line 599]
Event: 6.776 Thread 0x000000000044c800 Exception <a 'java/lang/NoSuchMethodError'{0x00000000c58d2bf8}: 'int java.lang.invoke.DirectMethodHandle$Holder.invokeInterface(java.lang.Object, java.lang.Object, java.lang.Object, java.lang.Object)'> (0x00000000c58d2bf8) 
thrown [./open/src/hotspot/share/interpreter/linkResolver.cpp, line 766]
Event: 7.073 Thread 0x000000000044c800 Exception <a 'java/io/FileNotFoundException'{0x00000000c395e7e0}> (0x00000000c395e7e0) 
thrown [./open/src/hotspot/share/prims/jni.cpp, line 599]
Event: 7.205 Thread 0x000000000044c800 Exception <a 'java/lang/NoSuchMethodError'{0x00000000c35eb360}: 'void java.lang.invoke.DirectMethodHandle$Holder.invokeVirtual(java.lang.Object, java.lang.Object, java.lang.Object, java.lang.Object)'> (0x00000000c35eb360) 
thrown [./open/src/hotspot/share/interpreter/linkResolver.cpp, line 766]
Event: 7.409 Thread 0x000000000044c800 Exception <a 'java/lang/NoSuchMethodError'{0x00000000c2dc49d0}: 'void java.lang.invoke.DirectMethodHandle$Holder.invokeVirtual(java.lang.Object, java.lang.Object, int)'> (0x00000000c2dc49d0) 
thrown [./open/src/hotspot/share/interpreter/linkResolver.cpp, line 766]
Event: 7.415 Thread 0x000000000044c800 Exception <a 'java/lang/NoSuchMethodError'{0x00000000c2ddd978}: 'void java.lang.invoke.DirectMethodHandle$Holder.invokeVirtual(java.lang.Object, java.lang.Object, long)'> (0x00000000c2ddd978) 
thrown [./open/src/hotspot/share/interpreter/linkResolver.cpp, line 766]
Event: 9.338 Thread 0x000000000044c800 Exception <a 'java/lang/ClassNotFoundException'{0x00000000c2c095c8}: java/lang/ObjectCustomizer> (0x00000000c2c095c8) 
thrown [./open/src/hotspot/share/classfile/systemDictionary.cpp, line 226]
Event: 9.339 Thread 0x000000000044c800 Exception <a 'java/lang/ClassNotFoundException'{0x00000000c2c1f2a0}: org/springframework/web/servlet/config/annotation/WebMvcConfigurationSupportCustomizer> (0x00000000c2c1f2a0) 
thrown [./open/src/hotspot/share/classfile/systemDictionary.cpp, line 226]
Event: 9.341 Thread 0x000000000044c800 Exception <a 'java/lang/ClassNotFoundException'{0x00000000c2c40ba8}: org/springframework/web/servlet/config/annotation/DelegatingWebMvcConfigurationCustomizer> (0x00000000c2c40ba8) 
thrown [./open/src/hotspot/share/classfile/systemDictionary.cpp, line 226]
Event: 9.343 Thread 0x000000000044c800 Exception <a 'java/lang/ClassNotFoundException'{0x00000000c2c5a758}: org/springframework/boot/autoconfigure/web/servlet/WebMvcAutoConfiguration$EnableWebMvcConfigurationCustomizer> (0x00000000c2c5a758) 
thrown [./open/src/hotspot/share/classfile/systemDictionary.cpp, line 226]
Event: 9.345 Thread 0x000000000044c800 Exception <a 'java/lang/ClassNotFoundException'{0x00000000c2c77460}: org/springframework/context/ResourceLoaderAwareCustomizer> (0x00000000c2c77460) 
thrown [./open/src/hotspot/share/classfile/systemDictionary.cpp, line 226]
Event: 9.345 Thread 0x000000000044c800 Exception <a 'java/lang/ClassNotFoundException'{0x00000000c2c85ab8}: org/springframework/beans/factory/AwareCustomizer> (0x00000000c2c85ab8) 
thrown [./open/src/hotspot/share/classfile/systemDictionary.cpp, line 226]
Event: 9.346 Thread 0x000000000044c800 Exception <a 'java/lang/ClassNotFoundException'{0x00000000c2c94dd0}: org/springframework/context/ApplicationContextAwareCustomizer> (0x00000000c2c94dd0) 
thrown [./open/src/hotspot/share/classfile/systemDictionary.cpp, line 226]
Event: 9.346 Thread 0x000000000044c800 Exception <a 'java/lang/ClassNotFoundException'{0x00000000c2ca4008}: org/springframework/beans/factory/AwareCustomizer> (0x00000000c2ca4008) 
thrown [./open/src/hotspot/share/classfile/systemDictionary.cpp, line 226]
Event: 9.347 Thread 0x000000000044c800 Exception <a 'java/lang/ClassNotFoundException'{0x00000000c2cb32f8}: org/springframework/web/context/ServletContextAwareCustomizer> (0x00000000c2cb32f8) 
thrown [./open/src/hotspot/share/classfile/systemDictionary.cpp, line 226]
Event: 9.347 Thread 0x000000000044c800 Exception <a 'java/lang/ClassNotFoundException'{0x00000000c2cc1db8}: org/springframework/beans/factory/AwareCustomizer> (0x00000000c2cc1db8) 
thrown [./open/src/hotspot/share/classfile/systemDictionary.cpp, line 226]
Event: 11.035 Thread 0x000000000044c800 Implicit null exception at 0x000000000e115631 to 0x000000000e115a0c

Events (20 events):
Event: 12.144 loading class java/net/ProxySelector done
Event: 12.144 loading class sun/net/spi/DefaultProxySelector
Event: 12.145 loading class sun/net/spi/DefaultProxySelector done
Event: 12.145 loading class java/net/Proxy
Event: 12.145 loading class java/net/Proxy done
Event: 12.145 loading class java/net/Proxy$Type
Event: 12.145 loading class java/net/Proxy$Type done
Event: 12.165 loading class java/util/stream/ReduceOps$5
Event: 12.166 loading class java/util/stream/ReduceOps$5 done
Event: 12.166 loading class java/util/stream/ReduceOps$CountingSink$OfRef
Event: 12.166 loading class java/util/stream/ReduceOps$CountingSink
Event: 12.166 loading class java/util/stream/ReduceOps$CountingSink done
Event: 12.166 loading class java/util/stream/ReduceOps$CountingSink$OfRef done
Event: 12.172 Executing VM operation: HandshakeAllThreads
Event: 12.203 Executing VM operation: HandshakeAllThreads done
Event: 12.203 loading class sun/net/spi/DefaultProxySelector$1
Event: 12.203 loading class sun/net/spi/DefaultProxySelector$1 done
Event: 12.204 Executing VM operation: HandshakeAllThreads
Event: 12.204 Executing VM operation: HandshakeAllThreads done
Event: 12.245 Executing VM operation: G1CollectForAllocation


Dynamic libraries:
0x000000013f340000 - 0x000000013f34d000 	C:\Users\BERO\Downloads\sts-4.8.0.RELEASE\plugins\org.eclipse.justj.openjdk.hotspot.jre.full.win32.x86_64_14.0.2.v20200815-0932\jre\bin\javaw.exe
0x0000000076e30000 - 0x0000000076fd9000 	C:\Windows\SYSTEM32\ntdll.dll
0x0000000076d10000 - 0x0000000076e2f000 	C:\Windows\system32\kernel32.dll
0x000007fefd0e0000 - 0x000007fefd14b000 	C:\Windows\system32\KERNELBASE.dll
0x000007fef38d0000 - 0x000007fef38e8000 	C:\Users\BERO\Downloads\sts-4.8.0.RELEASE\plugins\org.eclipse.justj.openjdk.hotspot.jre.full.win32.x86_64_14.0.2.v20200815-0932\jre\bin\jli.dll
0x000007fefb5c0000 - 0x000007fefb7b4000 	C:\Windows\WinSxS\amd64_microsoft.windows.common-controls_6595b64144ccf1df_6.0.7601.17514_none_fa396087175ac9ac\COMCTL32.dll
0x000007fefea30000 - 0x000007fefeacf000 	C:\Windows\system32\msvcrt.dll
0x000007fefdf30000 - 0x000007fefdf97000 	C:\Windows\system32\GDI32.dll
0x0000000076c10000 - 0x0000000076d0a000 	C:\Windows\system32\USER32.dll
0x000007fefecc0000 - 0x000007fefecce000 	C:\Windows\system32\LPK.dll
0x000007fefe240000 - 0x000007fefe309000 	C:\Windows\system32\USP10.dll
0x000007fefead0000 - 0x000007fefeb41000 	C:\Windows\system32\SHLWAPI.dll
0x000007fef5f80000 - 0x000007fef5f95000 	C:\Users\BERO\Downloads\sts-4.8.0.RELEASE\plugins\org.eclipse.justj.openjdk.hotspot.jre.full.win32.x86_64_14.0.2.v20200815-0932\jre\bin\VCRUNTIME140.dll
0x000007fefa580000 - 0x000007fefa584000 	C:\Users\BERO\Downloads\sts-4.8.0.RELEASE\plugins\org.eclipse.justj.openjdk.hotspot.jre.full.win32.x86_64_14.0.2.v20200815-0932\jre\bin\api-ms-win-crt-runtime-l1-1-0.dll
0x000007fede6d0000 - 0x000007fede7cc000 	C:\Users\BERO\Downloads\sts-4.8.0.RELEASE\plugins\org.eclipse.justj.openjdk.hotspot.jre.full.win32.x86_64_14.0.2.v20200815-0932\jre\bin\ucrtbase.DLL
0x000007fefa6d0000 - 0x000007fefa6d3000 	C:\Users\BERO\Downloads\sts-4.8.0.RELEASE\plugins\org.eclipse.justj.openjdk.hotspot.jre.full.win32.x86_64_14.0.2.v20200815-0932\jre\bin\api-ms-win-core-localization-l1-2-0.dll
0x000007fef9130000 - 0x000007fef9133000 	C:\Users\BERO\Downloads\sts-4.8.0.RELEASE\plugins\org.eclipse.justj.openjdk.hotspot.jre.full.win32.x86_64_14.0.2.v20200815-0932\jre\bin\api-ms-win-core-processthreads-l1-1-1.dll
0x000007fef9120000 - 0x000007fef9123000 	C:\Users\BERO\Downloads\sts-4.8.0.RELEASE\plugins\org.eclipse.justj.openjdk.hotspot.jre.full.win32.x86_64_14.0.2.v20200815-0932\jre\bin\api-ms-win-core-file-l1-2-0.dll
0x000007fef9110000 - 0x000007fef9113000 	C:\Users\BERO\Downloads\sts-4.8.0.RELEASE\plugins\org.eclipse.justj.openjdk.hotspot.jre.full.win32.x86_64_14.0.2.v20200815-0932\jre\bin\api-ms-win-core-timezone-l1-1-0.dll
0x000007fef9080000 - 0x000007fef9083000 	C:\Users\BERO\Downloads\sts-4.8.0.RELEASE\plugins\org.eclipse.justj.openjdk.hotspot.jre.full.win32.x86_64_14.0.2.v20200815-0932\jre\bin\api-ms-win-core-file-l2-1-0.dll
0x000007fef5f60000 - 0x000007fef5f63000 	C:\Users\BERO\Downloads\sts-4.8.0.RELEASE\plugins\org.eclipse.justj.openjdk.hotspot.jre.full.win32.x86_64_14.0.2.v20200815-0932\jre\bin\api-ms-win-core-synch-l1-2-0.dll
0x000007fef5f70000 - 0x000007fef5f73000 	C:\Users\BERO\Downloads\sts-4.8.0.RELEASE\plugins\org.eclipse.justj.openjdk.hotspot.jre.full.win32.x86_64_14.0.2.v20200815-0932\jre\bin\api-ms-win-crt-heap-l1-1-0.dll
0x000007fef5f40000 - 0x000007fef5f44000 	C:\Users\BERO\Downloads\sts-4.8.0.RELEASE\plugins\org.eclipse.justj.openjdk.hotspot.jre.full.win32.x86_64_14.0.2.v20200815-0932\jre\bin\api-ms-win-crt-string-l1-1-0.dll
0x000007fef5f50000 - 0x000007fef5f54000 	C:\Users\BERO\Downloads\sts-4.8.0.RELEASE\plugins\org.eclipse.justj.openjdk.hotspot.jre.full.win32.x86_64_14.0.2.v20200815-0932\jre\bin\api-ms-win-crt-stdio-l1-1-0.dll
0x000007fef5f20000 - 0x000007fef5f24000 	C:\Users\BERO\Downloads\sts-4.8.0.RELEASE\plugins\org.eclipse.justj.openjdk.hotspot.jre.full.win32.x86_64_14.0.2.v20200815-0932\jre\bin\api-ms-win-crt-convert-l1-1-0.dll
0x000007fef5f30000 - 0x000007fef5f33000 	C:\Users\BERO\Downloads\sts-4.8.0.RELEASE\plugins\org.eclipse.justj.openjdk.hotspot.jre.full.win32.x86_64_14.0.2.v20200815-0932\jre\bin\api-ms-win-crt-environment-l1-1-0.dll
0x000007fef5f00000 - 0x000007fef5f03000 	C:\Users\BERO\Downloads\sts-4.8.0.RELEASE\plugins\org.eclipse.justj.openjdk.hotspot.jre.full.win32.x86_64_14.0.2.v20200815-0932\jre\bin\api-ms-win-crt-filesystem-l1-1-0.dll
0x000007fef5f10000 - 0x000007fef5f15000 	C:\Users\BERO\Downloads\sts-4.8.0.RELEASE\plugins\org.eclipse.justj.openjdk.hotspot.jre.full.win32.x86_64_14.0.2.v20200815-0932\jre\bin\api-ms-win-crt-math-l1-1-0.dll
0x000007fef5ee0000 - 0x000007fef5ee3000 	C:\Users\BERO\Downloads\sts-4.8.0.RELEASE\plugins\org.eclipse.justj.openjdk.hotspot.jre.full.win32.x86_64_14.0.2.v20200815-0932\jre\bin\api-ms-win-crt-locale-l1-1-0.dll
0x000007fefe200000 - 0x000007fefe22e000 	C:\Windows\system32\IMM32.DLL
0x000007fefeb50000 - 0x000007fefec59000 	C:\Windows\system32\MSCTF.dll
0x000007fee6d00000 - 0x000007fee6d9b000 	C:\Users\BERO\Downloads\sts-4.8.0.RELEASE\plugins\org.eclipse.justj.openjdk.hotspot.jre.full.win32.x86_64_14.0.2.v20200815-0932\jre\bin\msvcp140.dll
0x000007fef5ef0000 - 0x000007fef5ef3000 	C:\Users\BERO\Downloads\sts-4.8.0.RELEASE\plugins\org.eclipse.justj.openjdk.hotspot.jre.full.win32.x86_64_14.0.2.v20200815-0932\jre\bin\api-ms-win-crt-time-l1-1-0.dll
0x000007fef5ec0000 - 0x000007fef5ec3000 	C:\Users\BERO\Downloads\sts-4.8.0.RELEASE\plugins\org.eclipse.justj.openjdk.hotspot.jre.full.win32.x86_64_14.0.2.v20200815-0932\jre\bin\api-ms-win-crt-utility-l1-1-0.dll
0x000007fee3210000 - 0x000007fee3d2e000 	C:\Users\BERO\Downloads\sts-4.8.0.RELEASE\plugins\org.eclipse.justj.openjdk.hotspot.jre.full.win32.x86_64_14.0.2.v20200815-0932\jre\bin\server\jvm.dll
0x000007fefe310000 - 0x000007fefe3eb000 	C:\Windows\system32\ADVAPI32.dll
0x000007fefe040000 - 0x000007fefe05f000 	C:\Windows\SYSTEM32\sechost.dll
0x000007fefeeb0000 - 0x000007fefefdd000 	C:\Windows\system32\RPCRT4.dll
0x000007fef9cb0000 - 0x000007fef9cb9000 	C:\Windows\system32\WSOCK32.dll
0x000007fefdee0000 - 0x000007fefdf2d000 	C:\Windows\system32\WS2_32.dll
0x000007fefe230000 - 0x000007fefe238000 	C:\Windows\system32\NSI.dll
0x000007fef8f70000 - 0x000007fef8fab000 	C:\Windows\system32\WINMM.dll
0x000007fefbee0000 - 0x000007fefbeec000 	C:\Windows\system32\VERSION.dll
0x0000000076ff0000 - 0x0000000076ff7000 	C:\Windows\system32\PSAPI.DLL
0x000007fef3a90000 - 0x000007fef3a9a000 	C:\Users\BERO\Downloads\sts-4.8.0.RELEASE\plugins\org.eclipse.justj.openjdk.hotspot.jre.full.win32.x86_64_14.0.2.v20200815-0932\jre\bin\jimage.dll
0x000007fef7d80000 - 0x000007fef7ea5000 	C:\Windows\system32\DBGHELP.DLL
0x000007fef3940000 - 0x000007fef3965000 	C:\Users\BERO\Downloads\sts-4.8.0.RELEASE\plugins\org.eclipse.justj.openjdk.hotspot.jre.full.win32.x86_64_14.0.2.v20200815-0932\jre\bin\java.dll
0x000007fef38f0000 - 0x000007fef3906000 	C:\Users\BERO\Downloads\sts-4.8.0.RELEASE\plugins\org.eclipse.justj.openjdk.hotspot.jre.full.win32.x86_64_14.0.2.v20200815-0932\jre\bin\zip.dll
0x000007fefd150000 - 0x000007fefded8000 	C:\Windows\system32\SHELL32.dll
0x000007fefe820000 - 0x000007fefea23000 	C:\Windows\system32\ole32.dll
0x000007fefcd80000 - 0x000007fefcd8f000 	C:\Windows\system32\profapi.dll
0x000007fef3890000 - 0x000007fef38a9000 	C:\Users\BERO\Downloads\sts-4.8.0.RELEASE\plugins\org.eclipse.justj.openjdk.hotspot.jre.full.win32.x86_64_14.0.2.v20200815-0932\jre\bin\net.dll
0x000007fef96b0000 - 0x000007fef9721000 	C:\Windows\system32\WINHTTP.dll
0x000007fef9630000 - 0x000007fef9694000 	C:\Windows\system32\webio.dll
0x000007fefc5b0000 - 0x000007fefc605000 	C:\Windows\system32\mswsock.dll
0x000007fefc5a0000 - 0x000007fefc5a7000 	C:\Windows\System32\wship6.dll
0x000007fef38b0000 - 0x000007fef38c2000 	C:\Users\BERO\Downloads\sts-4.8.0.RELEASE\plugins\org.eclipse.justj.openjdk.hotspot.jre.full.win32.x86_64_14.0.2.v20200815-0932\jre\bin\nio.dll
0x000007fef3580000 - 0x000007fef3590000 	C:\Users\BERO\Downloads\sts-4.8.0.RELEASE\plugins\org.eclipse.justj.openjdk.hotspot.jre.full.win32.x86_64_14.0.2.v20200815-0932\jre\bin\verify.dll
0x000007fef3560000 - 0x000007fef3569000 	C:\Users\BERO\Downloads\sts-4.8.0.RELEASE\plugins\org.eclipse.justj.openjdk.hotspot.jre.full.win32.x86_64_14.0.2.v20200815-0932\jre\bin\management.dll
0x000007fef3510000 - 0x000007fef351b000 	C:\Users\BERO\Downloads\sts-4.8.0.RELEASE\plugins\org.eclipse.justj.openjdk.hotspot.jre.full.win32.x86_64_14.0.2.v20200815-0932\jre\bin\management_ext.dll
0x000007fefb0f0000 - 0x000007fefb105000 	C:\Windows\system32\NLAapi.dll
0x000007fef9d50000 - 0x000007fef9d65000 	C:\Windows\system32\napinsp.dll
0x000007fef9d30000 - 0x000007fef9d49000 	C:\Windows\system32\pnrpnsp.dll
0x000007fefc430000 - 0x000007fefc48b000 	C:\Windows\system32\DNSAPI.dll
0x000007fef9d20000 - 0x000007fef9d2b000 	C:\Windows\System32\winrnr.dll
0x000007fefbfb0000 - 0x000007fefbfb7000 	C:\Windows\System32\wshtcpip.dll
0x000007fefa660000 - 0x000007fefa687000 	C:\Windows\system32\IPHLPAPI.DLL
0x000007fefa650000 - 0x000007fefa65b000 	C:\Windows\system32\WINNSI.DLL
0x000007fef9ca0000 - 0x000007fef9ca8000 	C:\Windows\system32\rasadhlp.dll
0x000007fefa520000 - 0x000007fefa573000 	C:\Windows\System32\fwpuclnt.dll
0x000007fefc610000 - 0x000007fefc627000 	C:\Windows\system32\CRYPTSP.dll
0x000007fefc310000 - 0x000007fefc357000 	C:\Windows\system32\rsaenh.dll
0x000007fefc0d0000 - 0x000007fefc0ee000 	C:\Windows\system32\USERENV.dll
0x000007fefcc70000 - 0x000007fefcc7f000 	C:\Windows\system32\CRYPTBASE.dll
0x000007fefa340000 - 0x000007fefa358000 	C:\Windows\system32\dhcpcsvc.DLL
0x000007fefa0f0000 - 0x000007fefa101000 	C:\Windows\system32\dhcpcsvc6.DLL

dbghelp: loaded successfully - version: 4.0.5 - missing functions: none
symbol engine: initialized successfully - sym options: 0x614 - pdb path: .;C:\Users\BERO\Downloads\sts-4.8.0.RELEASE\plugins\org.eclipse.justj.openjdk.hotspot.jre.full.win32.x86_64_14.0.2.v20200815-0932\jre\bin;C:\Windows\SYSTEM32;C:\Windows\WinSxS\amd64_microsoft.windows.common-controls_6595b64144ccf1df_6.0.7601.17514_none_fa396087175ac9ac;C:\Users\BERO\Downloads\sts-4.8.0.RELEASE\plugins\org.eclipse.justj.openjdk.hotspot.jre.full.win32.x86_64_14.0.2.v20200815-0932\jre\bin\server

VM Arguments:
jvm_args: -Dfile.encoding=UTF-8 -XX:+ShowCodeDetailsInExceptionMessages 
java_command: com.kindsonthegenius.fleetms.FleetappApplication
java_class_path (initial): C:\Users\BERO\Downloads\fleetapp\target\classes;C:\Users\BERO\.m2\repository\org\springframework\boot\spring-boot-starter-data-jpa\2.4.0\spring-boot-starter-data-jpa-2.4.0.jar;C:\Users\BERO\.m2\repository\org\springframework\boot\spring-boot-starter-aop\2.4.0\spring-boot-starter-aop-2.4.0.jar;C:\Users\BERO\.m2\repository\org\springframework\spring-aop\5.3.1\spring-aop-5.3.1.jar;C:\Users\BERO\.m2\repository\org\aspectj\aspectjweaver\1.9.6\aspectjweaver-1.9.6.jar;C:\Users\BERO\.m2\repository\org\springframework\boot\spring-boot-starter-jdbc\2.4.0\spring-boot-starter-jdbc-2.4.0.jar;C:\Users\BERO\.m2\repository\com\zaxxer\HikariCP\3.4.5\HikariCP-3.4.5.jar;C:\Users\BERO\.m2\repository\org\springframework\spring-jdbc\5.3.1\spring-jdbc-5.3.1.jar;C:\Users\BERO\.m2\repository\jakarta\transaction\jakarta.transaction-api\1.3.3\jakarta.transaction-api-1.3.3.jar;C:\Users\BERO\.m2\repository\jakarta\persistence\jakarta.persistence-api\2.2.3\jakarta.persistence-api-2.2.3.jar;C:\Users\BERO\.m2\repository\org\hibernate\hibernate-core\5.4.23.Final\hibernate-core-5.4.23.Final.jar;C:\Users\BERO\.m2\repository\org\jboss\logging\jboss-logging\3.4.1.Final\jboss-logging-3.4.1.Final.jar;C:\Users\BERO\.m2\repository\org\javassist\javassist\3.24.0-GA\javassist-3.24.0-GA.jar;C:\Users\BERO\.m2\repository\net\bytebuddy\byte-buddy\1.10.18\byte-buddy-1.10.18.jar;C:\Users\BERO\.m2\repository\antlr\antlr\2.7.7\antlr-2.7.7.jar;C:\Users\BERO\.m2\repository\org\jboss\jandex\2.1.3.Final\jandex-2.1.3.Final.jar;C:\Users\BERO\.m2\repository\com\fasterxml\classmate\1.5.1\classmate-1.5.1.jar;C:\Users\BERO\.m2\repository\org\dom4j\dom4j\2.1.3\dom4j-2.1.3.jar;C:\Users\BERO\.m2\repository\org\hibernate\common\hibernate-commons-annotations\5.1.2.Final\hibernate-commons-annotations-5.1.2.Final.jar;C:\Users\BERO\.m2\repository\org\glassfish\jaxb\jaxb-runtime\2.3.3\jaxb-runtime-2.3.3.jar;C:\Users\BERO\.m2\repository\org\glassfish\jaxb\txw2\2.3.3\txw2-2.3.3.jar;C:\Users\BERO\.m2\reposito
Launcher Type: SUN_STANDARD

[Global flags]
     intx CICompilerCount                          = 2                                         {product} {ergonomic}
     uint ConcGCThreads                            = 1                                         {product} {ergonomic}
     uint G1ConcRefinementThreads                  = 2                                         {product} {ergonomic}
   size_t G1HeapRegionSize                         = 1048576                                   {product} {ergonomic}
    uintx GCDrainStackTargetSize                   = 64                                        {product} {ergonomic}
   size_t InitialHeapSize                          = 67108864                                  {product} {ergonomic}
   size_t MarkStackSize                            = 4194304                                   {product} {ergonomic}
   size_t MaxHeapSize                              = 1061158912                                {product} {ergonomic}
   size_t MaxNewSize                               = 636485632                                 {product} {ergonomic}
   size_t MinHeapDeltaBytes                        = 1048576                                   {product} {ergonomic}
   size_t MinHeapSize                              = 8388608                                   {product} {ergonomic}
    uintx NonNMethodCodeHeapSize                   = 5826188                                {pd product} {ergonomic}
    uintx NonProfiledCodeHeapSize                  = 122916026                              {pd product} {ergonomic}
    uintx ProfiledCodeHeapSize                     = 122916026                              {pd product} {ergonomic}
    uintx ReservedCodeCacheSize                    = 251658240                              {pd product} {ergonomic}
     bool SegmentedCodeCache                       = true                                      {product} {ergonomic}
     bool ShowCodeDetailsInExceptionMessages       = true                                   {manageable} {command line}
   size_t SoftMaxHeapSize                          = 1061158912                             {manageable} {ergonomic}
     bool UseCompressedClassPointers               = true                                 {lp64_product} {ergonomic}
     bool UseCompressedOops                        = true                                 {lp64_product} {ergonomic}
     bool UseG1GC                                  = true                                      {product} {ergonomic}
     bool UseLargePagesIndividualAllocation        = false                                  {pd product} {ergonomic}

Logging:
Log output configuration:
 #0: stdout all=warning uptime,level,tags
 #1: stderr all=off uptime,level,tags

Environment Variables:
PATH=C:/Users/BERO/Downloads/sts-4.8.0.RELEASE//plugins/org.eclipse.justj.openjdk.hotspot.jre.full.win32.x86_64_14.0.2.v20200815-0932/jre/bin/server;C:/Users/BERO/Downloads/sts-4.8.0.RELEASE//plugins/org.eclipse.justj.openjdk.hotspot.jre.full.win32.x86_64_14.0.2.v20200815-0932/jre/bin;D:\app\BERO\product\11.2.0\dbhome_1\bin;C:\Program Files (x86)\Common Files\Oracle\Java\javapath;C:\Windows\system32;C:\Windows;C:\Windows\System32\Wbem;C:\Windows\System32\WindowsPowerShell\v1.0\;C:\Program Files\Git\cmd;C:\Program Files\nodejs\;C:\Program Files\MySQL\MySQL Shell 8.0\bin\;D:\nodeJs\Microsoft VS Code\bin;C:\Users\BERO\AppData\Roaming\npm;C:\Users\BERO\Downloads\sts-4.8.0.RELEASE;
USERNAME=BERO
OS=Windows_NT
PROCESSOR_IDENTIFIER=Intel64 Family 6 Model 42 Stepping 7, GenuineIntel



---------------  S Y S T E M  ---------------

OS: Windows 7 , 64 bit Build 7601 (6.1.7601.17514)
OS uptime: 0 days 1:33 hours

CPU:total 2 (initial active 2) (2 cores per cpu, 1 threads per core) family 6 model 42 stepping 7, cmov, cx8, fxsr, mmx, sse, sse2, sse3, ssse3, sse4.1, sse4.2, popcnt, clmul, tsc, tscinvbit

Memory: 4k page, system-wide physical 4043M (1183M free)
TotalPageFile size 8085M (AvailPageFile size 3904M)
current process WorkingSet (physical memory assigned to process): 190M, peak: 194M
current process commit charge ("private bytes"): 217M, peak: 221M

vm_info: OpenJDK 64-Bit Server VM (14.0.2+12-46) for windows-amd64 JRE (14.0.2+12-46), built on Jul  9 2020 00:31:16 by "mach5one" with MS VC++ 15.9 (VS2017)

END.
